\BOOKMARK [0][-]{section*.2}{List of Tables}{}% 1
\BOOKMARK [0][-]{section*.4}{List of Figures}{}% 2
\BOOKMARK [0][-]{section*.7}{Abbreviations}{}% 3
\BOOKMARK [0][-]{chapter.1}{Introduction}{}% 4
\BOOKMARK [1][-]{section.1.1}{Motion Planning}{chapter.1}% 5
\BOOKMARK [2][-]{subsection.1.1.1}{Examples}{section.1.1}% 6
\BOOKMARK [2][-]{subsection.1.1.2}{Sampling-Based Motion Planning}{section.1.1}% 7
\BOOKMARK [1][-]{section.1.2}{Temporal Logic}{chapter.1}% 8
\BOOKMARK [0][-]{chapter.2}{Preliminaries}{}% 9
\BOOKMARK [1][-]{section.2.1}{mu-Calculus}{chapter.2}% 10
\BOOKMARK [2][-]{subsection.2.1.1}{Modal mu-Calculus }{section.2.1}% 11
\BOOKMARK [2][-]{subsection.2.1.2}{Tarski-Knaster Theorem}{section.2.1}% 12
\BOOKMARK [2][-]{subsection.2.1.3}{Deterministic mu-Calculus}{section.2.1}% 13
\BOOKMARK [2][-]{subsection.2.1.4}{Specification Examples}{section.2.1}% 14
\BOOKMARK [1][-]{section.2.2}{SST*}{chapter.2}% 15
\BOOKMARK [1][-]{section.2.3}{FMT*}{chapter.2}% 16
\BOOKMARK [0][-]{chapter.3}{Sampling-Based Motion Planning with mu-Calculus Specifications without Steering}{}% 17
\BOOKMARK [1][-]{section.3.1}{Introduction}{chapter.3}% 18
\BOOKMARK [1][-]{section.3.2}{Problem Formulation}{chapter.3}% 19
\BOOKMARK [2][-]{subsection.3.2.1}{Problem Statement}{section.3.2}% 20
\BOOKMARK [1][-]{section.3.3}{Kripke Structures and Model Checking}{chapter.3}% 21
\BOOKMARK [2][-]{subsection.3.3.1}{Model Checking with mu-Calculus Specifications}{section.3.3}% 22
\BOOKMARK [2][-]{subsection.3.3.2}{Abstracted Kripke Structure and Planning}{section.3.3}% 23
\BOOKMARK [2][-]{subsection.3.3.3}{LQR Tracking}{section.3.3}% 24
\BOOKMARK [1][-]{section.3.4}{Example}{chapter.3}% 25
\BOOKMARK [1][-]{section.3.5}{Conclusions}{chapter.3}% 26
\BOOKMARK [0][-]{chapter.4}{Quadrotor Motion Planning}{}% 27
\BOOKMARK [1][-]{section.4.1}{Quadrotor Model}{chapter.4}% 28
\BOOKMARK [1][-]{section.4.2}{Real-Time Motion Planning}{chapter.4}% 29
\BOOKMARK [0][-]{section*.10}{References}{}% 30
\BOOKMARK [0][-]{appendix*.12}{APPENDICES}{}% 31
\BOOKMARK [0][-]{appendix.A}{PDF Plots From Matlab}{}% 32
\BOOKMARK [1][-]{section.A.1}{Using the GUI}{appendix.A}% 33
\BOOKMARK [1][-]{section.A.2}{From the Command Line}{appendix.A}% 34
